<?xml version="1.0" encoding="UTF-8"?>
<testsuite xmlns:xsi="http://www.w3.org/2001/XMLSchema-instance" xsi:noNamespaceSchemaLocation="https://maven.apache.org/surefire/maven-surefire-plugin/xsd/surefire-test-report.xsd" name="integration.features.customer.CreateCustomerIT" time="20.403" tests="1" errors="0" skipped="0" failures="0">
  <properties>
    <property name="gopherProxySet" value="false"/>
    <property name="awt.toolkit" value="sun.lwawt.macosx.LWCToolkit"/>
    <property name="file.encoding.pkg" value="sun.io"/>
    <property name="java.specification.version" value="1.8"/>
    <property name="sun.cpu.isalist" value=""/>
    <property name="sun.jnu.encoding" value="UTF-8"/>
    <property name="java.class.path" value="/Users/Ascend/Desktop/Study/Serenity/SerenityDemo/target/test-classes:/Users/Ascend/Desktop/Study/Serenity/SerenityDemo/target/classes:/Users/Ascend/.mvnrepository/org/springframework/boot/spring-boot-starter-web/2.7.16/spring-boot-starter-web-2.7.16.jar:/Users/Ascend/.mvnrepository/org/springframework/boot/spring-boot-starter/2.7.16/spring-boot-starter-2.7.16.jar:/Users/Ascend/.mvnrepository/org/springframework/boot/spring-boot/2.7.16/spring-boot-2.7.16.jar:/Users/Ascend/.mvnrepository/org/springframework/boot/spring-boot-autoconfigure/2.7.16/spring-boot-autoconfigure-2.7.16.jar:/Users/Ascend/.mvnrepository/org/springframework/boot/spring-boot-starter-logging/2.7.16/spring-boot-starter-logging-2.7.16.jar:/Users/Ascend/.mvnrepository/ch/qos/logback/logback-classic/1.2.12/logback-classic-1.2.12.jar:/Users/Ascend/.mvnrepository/ch/qos/logback/logback-core/1.2.12/logback-core-1.2.12.jar:/Users/Ascend/.mvnrepository/org/apache/logging/log4j/log4j-to-slf4j/2.17.2/log4j-to-slf4j-2.17.2.jar:/Users/Ascend/.mvnrepository/org/apache/logging/log4j/log4j-api/2.17.2/log4j-api-2.17.2.jar:/Users/Ascend/.mvnrepository/org/slf4j/jul-to-slf4j/1.7.36/jul-to-slf4j-1.7.36.jar:/Users/Ascend/.mvnrepository/jakarta/annotation/jakarta.annotation-api/1.3.5/jakarta.annotation-api-1.3.5.jar:/Users/Ascend/.mvnrepository/org/yaml/snakeyaml/1.30/snakeyaml-1.30.jar:/Users/Ascend/.mvnrepository/org/springframework/boot/spring-boot-starter-json/2.7.16/spring-boot-starter-json-2.7.16.jar:/Users/Ascend/.mvnrepository/com/fasterxml/jackson/core/jackson-databind/2.13.5/jackson-databind-2.13.5.jar:/Users/Ascend/.mvnrepository/com/fasterxml/jackson/core/jackson-annotations/2.13.5/jackson-annotations-2.13.5.jar:/Users/Ascend/.mvnrepository/com/fasterxml/jackson/datatype/jackson-datatype-jdk8/2.13.5/jackson-datatype-jdk8-2.13.5.jar:/Users/Ascend/.mvnrepository/com/fasterxml/jackson/datatype/jackson-datatype-jsr310/2.13.5/jackson-datatype-jsr310-2.13.5.jar:/Users/Ascend/.mvnrepository/com/fasterxml/jackson/module/jackson-module-parameter-names/2.13.5/jackson-module-parameter-names-2.13.5.jar:/Users/Ascend/.mvnrepository/org/springframework/boot/spring-boot-starter-tomcat/2.7.16/spring-boot-starter-tomcat-2.7.16.jar:/Users/Ascend/.mvnrepository/org/apache/tomcat/embed/tomcat-embed-core/9.0.80/tomcat-embed-core-9.0.80.jar:/Users/Ascend/.mvnrepository/org/apache/tomcat/embed/tomcat-embed-websocket/9.0.80/tomcat-embed-websocket-9.0.80.jar:/Users/Ascend/.mvnrepository/org/springframework/spring-web/5.3.30/spring-web-5.3.30.jar:/Users/Ascend/.mvnrepository/org/springframework/spring-beans/5.3.30/spring-beans-5.3.30.jar:/Users/Ascend/.mvnrepository/org/springframework/spring-webmvc/5.3.30/spring-webmvc-5.3.30.jar:/Users/Ascend/.mvnrepository/org/springframework/spring-aop/5.3.30/spring-aop-5.3.30.jar:/Users/Ascend/.mvnrepository/org/springframework/spring-context/5.3.30/spring-context-5.3.30.jar:/Users/Ascend/.mvnrepository/org/springframework/spring-expression/5.3.30/spring-expression-5.3.30.jar:/Users/Ascend/.mvnrepository/com/h2database/h2/2.1.214/h2-2.1.214.jar:/Users/Ascend/.mvnrepository/org/projectlombok/lombok/1.18.30/lombok-1.18.30.jar:/Users/Ascend/.mvnrepository/org/springframework/boot/spring-boot-starter-test/2.7.16/spring-boot-starter-test-2.7.16.jar:/Users/Ascend/.mvnrepository/org/springframework/boot/spring-boot-test/2.7.16/spring-boot-test-2.7.16.jar:/Users/Ascend/.mvnrepository/org/springframework/boot/spring-boot-test-autoconfigure/2.7.16/spring-boot-test-autoconfigure-2.7.16.jar:/Users/Ascend/.mvnrepository/com/jayway/jsonpath/json-path/2.7.0/json-path-2.7.0.jar:/Users/Ascend/.mvnrepository/net/minidev/json-smart/2.4.11/json-smart-2.4.11.jar:/Users/Ascend/.mvnrepository/net/minidev/accessors-smart/2.4.11/accessors-smart-2.4.11.jar:/Users/Ascend/.mvnrepository/org/ow2/asm/asm/9.3/asm-9.3.jar:/Users/Ascend/.mvnrepository/org/slf4j/slf4j-api/1.7.36/slf4j-api-1.7.36.jar:/Users/Ascend/.mvnrepository/jakarta/xml/bind/jakarta.xml.bind-api/2.3.3/jakarta.xml.bind-api-2.3.3.jar:/Users/Ascend/.mvnrepository/jakarta/activation/jakarta.activation-api/1.2.2/jakarta.activation-api-1.2.2.jar:/Users/Ascend/.mvnrepository/org/assertj/assertj-core/3.22.0/assertj-core-3.22.0.jar:/Users/Ascend/.mvnrepository/org/hamcrest/hamcrest/2.2/hamcrest-2.2.jar:/Users/Ascend/.mvnrepository/org/junit/jupiter/junit-jupiter/5.8.2/junit-jupiter-5.8.2.jar:/Users/Ascend/.mvnrepository/org/mockito/mockito-core/4.5.1/mockito-core-4.5.1.jar:/Users/Ascend/.mvnrepository/net/bytebuddy/byte-buddy/1.12.23/byte-buddy-1.12.23.jar:/Users/Ascend/.mvnrepository/net/bytebuddy/byte-buddy-agent/1.12.23/byte-buddy-agent-1.12.23.jar:/Users/Ascend/.mvnrepository/org/mockito/mockito-junit-jupiter/4.5.1/mockito-junit-jupiter-4.5.1.jar:/Users/Ascend/.mvnrepository/org/skyscreamer/jsonassert/1.5.1/jsonassert-1.5.1.jar:/Users/Ascend/.mvnrepository/com/vaadin/external/google/android-json/0.0.20131108.vaadin1/android-json-0.0.20131108.vaadin1.jar:/Users/Ascend/.mvnrepository/org/springframework/spring-core/5.3.30/spring-core-5.3.30.jar:/Users/Ascend/.mvnrepository/org/springframework/spring-jcl/5.3.30/spring-jcl-5.3.30.jar:/Users/Ascend/.mvnrepository/org/springframework/spring-test/5.3.30/spring-test-5.3.30.jar:/Users/Ascend/.mvnrepository/org/xmlunit/xmlunit-core/2.9.1/xmlunit-core-2.9.1.jar:/Users/Ascend/.mvnrepository/org/springframework/boot/spring-boot-starter-data-jpa/2.7.16/spring-boot-starter-data-jpa-2.7.16.jar:/Users/Ascend/.mvnrepository/org/springframework/boot/spring-boot-starter-aop/2.7.16/spring-boot-starter-aop-2.7.16.jar:/Users/Ascend/.mvnrepository/org/aspectj/aspectjweaver/1.9.7/aspectjweaver-1.9.7.jar:/Users/Ascend/.mvnrepository/org/springframework/boot/spring-boot-starter-jdbc/2.7.16/spring-boot-starter-jdbc-2.7.16.jar:/Users/Ascend/.mvnrepository/com/zaxxer/HikariCP/4.0.3/HikariCP-4.0.3.jar:/Users/Ascend/.mvnrepository/org/springframework/spring-jdbc/5.3.30/spring-jdbc-5.3.30.jar:/Users/Ascend/.mvnrepository/jakarta/transaction/jakarta.transaction-api/1.3.3/jakarta.transaction-api-1.3.3.jar:/Users/Ascend/.mvnrepository/jakarta/persistence/jakarta.persistence-api/2.2.3/jakarta.persistence-api-2.2.3.jar:/Users/Ascend/.mvnrepository/org/hibernate/hibernate-core/5.6.15.Final/hibernate-core-5.6.15.Final.jar:/Users/Ascend/.mvnrepository/org/jboss/logging/jboss-logging/3.4.3.Final/jboss-logging-3.4.3.Final.jar:/Users/Ascend/.mvnrepository/antlr/antlr/2.7.7/antlr-2.7.7.jar:/Users/Ascend/.mvnrepository/org/jboss/jandex/2.4.2.Final/jandex-2.4.2.Final.jar:/Users/Ascend/.mvnrepository/com/fasterxml/classmate/1.5.1/classmate-1.5.1.jar:/Users/Ascend/.mvnrepository/org/hibernate/common/hibernate-commons-annotations/5.1.2.Final/hibernate-commons-annotations-5.1.2.Final.jar:/Users/Ascend/.mvnrepository/org/glassfish/jaxb/jaxb-runtime/2.3.8/jaxb-runtime-2.3.8.jar:/Users/Ascend/.mvnrepository/org/glassfish/jaxb/txw2/2.3.8/txw2-2.3.8.jar:/Users/Ascend/.mvnrepository/com/sun/istack/istack-commons-runtime/3.0.12/istack-commons-runtime-3.0.12.jar:/Users/Ascend/.mvnrepository/com/sun/activation/jakarta.activation/1.2.2/jakarta.activation-1.2.2.jar:/Users/Ascend/.mvnrepository/org/springframework/data/spring-data-jpa/2.7.16/spring-data-jpa-2.7.16.jar:/Users/Ascend/.mvnrepository/org/springframework/data/spring-data-commons/2.7.16/spring-data-commons-2.7.16.jar:/Users/Ascend/.mvnrepository/org/springframework/spring-orm/5.3.30/spring-orm-5.3.30.jar:/Users/Ascend/.mvnrepository/org/springframework/spring-tx/5.3.30/spring-tx-5.3.30.jar:/Users/Ascend/.mvnrepository/org/springframework/spring-aspects/5.3.30/spring-aspects-5.3.30.jar:/Users/Ascend/.mvnrepository/org/mapstruct/mapstruct/1.5.3.Final/mapstruct-1.5.3.Final.jar:/Users/Ascend/.mvnrepository/org/springframework/boot/spring-boot-starter-validation/2.7.16/spring-boot-starter-validation-2.7.16.jar:/Users/Ascend/.mvnrepository/org/apache/tomcat/embed/tomcat-embed-el/9.0.80/tomcat-embed-el-9.0.80.jar:/Users/Ascend/.mvnrepository/org/hibernate/validator/hibernate-validator/6.2.5.Final/hibernate-validator-6.2.5.Final.jar:/Users/Ascend/.mvnrepository/jakarta/validation/jakarta.validation-api/2.0.2/jakarta.validation-api-2.0.2.jar:/Users/Ascend/.mvnrepository/org/apache/commons/commons-lang3/3.12.0/commons-lang3-3.12.0.jar:/Users/Ascend/.mvnrepository/org/apache/commons/commons-collections4/4.4/commons-collections4-4.4.jar:/Users/Ascend/.mvnrepository/net/serenity-bdd/serenity-junit5/3.2.3/serenity-junit5-3.2.3.jar:/Users/Ascend/.mvnrepository/net/serenity-bdd/serenity-core/3.2.3/serenity-core-3.2.3.jar:/Users/Ascend/.mvnrepository/net/serenity-bdd/serenity-reports/3.2.3/serenity-reports-3.2.3.jar:/Users/Ascend/.mvnrepository/net/serenity-bdd/serenity-stats/3.2.3/serenity-stats-3.2.3.jar:/Users/Ascend/.mvnrepository/org/jetbrains/kotlin/kotlin-stdlib/1.6.21/kotlin-stdlib-1.6.21.jar:/Users/Ascend/.mvnrepository/org/jetbrains/kotlin/kotlin-stdlib-common/1.6.21/kotlin-stdlib-common-1.6.21.jar:/Users/Ascend/.mvnrepository/org/jetbrains/annotations/13.0/annotations-13.0.jar:/Users/Ascend/.mvnrepository/net/serenity-bdd/serenity-reports-configuration/3.2.3/serenity-reports-configuration-3.2.3.jar:/Users/Ascend/.mvnrepository/com/vladsch/flexmark/flexmark-all/0.34.30/flexmark-all-0.34.30.jar:/Users/Ascend/.mvnrepository/com/vladsch/flexmark/flexmark/0.34.30/flexmark-0.34.30.jar:/Users/Ascend/.mvnrepository/com/vladsch/flexmark/flexmark-ext-abbreviation/0.34.30/flexmark-ext-abbreviation-0.34.30.jar:/Users/Ascend/.mvnrepository/com/vladsch/flexmark/flexmark-ext-admonition/0.34.30/flexmark-ext-admonition-0.34.30.jar:/Users/Ascend/.mvnrepository/com/vladsch/flexmark/flexmark-ext-anchorlink/0.34.30/flexmark-ext-anchorlink-0.34.30.jar:/Users/Ascend/.mvnrepository/com/vladsch/flexmark/flexmark-ext-aside/0.34.30/flexmark-ext-aside-0.34.30.jar:/Users/Ascend/.mvnrepository/com/vladsch/flexmark/flexmark-ext-attributes/0.34.30/flexmark-ext-attributes-0.34.30.jar:/Users/Ascend/.mvnrepository/com/vladsch/flexmark/flexmark-ext-autolink/0.34.30/flexmark-ext-autolink-0.34.30.jar:/Users/Ascend/.mvnrepository/org/nibor/autolink/autolink/0.6.0/autolink-0.6.0.jar:/Users/Ascend/.mvnrepository/com/vladsch/flexmark/flexmark-ext-definition/0.34.30/flexmark-ext-definition-0.34.30.jar:/Users/Ascend/.mvnrepository/com/vladsch/flexmark/flexmark-ext-emoji/0.34.30/flexmark-ext-emoji-0.34.30.jar:/Users/Ascend/.mvnrepository/com/vladsch/flexmark/flexmark-ext-enumerated-reference/0.34.30/flexmark-ext-enumerated-reference-0.34.30.jar:/Users/Ascend/.mvnrepository/com/vladsch/flexmark/flexmark-ext-escaped-character/0.34.30/flexmark-ext-escaped-character-0.34.30.jar:/Users/Ascend/.mvnrepository/com/vladsch/flexmark/flexmark-ext-footnotes/0.34.30/flexmark-ext-footnotes-0.34.30.jar:/Users/Ascend/.mvnrepository/com/vladsch/flexmark/flexmark-ext-gfm-issues/0.34.30/flexmark-ext-gfm-issues-0.34.30.jar:/Users/Ascend/.mvnrepository/com/vladsch/flexmark/flexmark-ext-gfm-strikethrough/0.34.30/flexmark-ext-gfm-strikethrough-0.34.30.jar:/Users/Ascend/.mvnrepository/com/vladsch/flexmark/flexmark-ext-gfm-tables/0.34.30/flexmark-ext-gfm-tables-0.34.30.jar:/Users/Ascend/.mvnrepository/com/vladsch/flexmark/flexmark-ext-gfm-tasklist/0.34.30/flexmark-ext-gfm-tasklist-0.34.30.jar:/Users/Ascend/.mvnrepository/com/vladsch/flexmark/flexmark-ext-gfm-users/0.34.30/flexmark-ext-gfm-users-0.34.30.jar:/Users/Ascend/.mvnrepository/com/vladsch/flexmark/flexmark-ext-gitlab/0.34.30/flexmark-ext-gitlab-0.34.30.jar:/Users/Ascend/.mvnrepository/com/vladsch/flexmark/flexmark-ext-jekyll-front-matter/0.34.30/flexmark-ext-jekyll-front-matter-0.34.30.jar:/Users/Ascend/.mvnrepository/com/vladsch/flexmark/flexmark-ext-jekyll-tag/0.34.30/flexmark-ext-jekyll-tag-0.34.30.jar:/Users/Ascend/.mvnrepository/com/vladsch/flexmark/flexmark-ext-media-tags/0.34.30/flexmark-ext-media-tags-0.34.30.jar:/Users/Ascend/.mvnrepository/com/vladsch/flexmark/flexmark-test-util/0.34.30/flexmark-test-util-0.34.30.jar:/Users/Ascend/.mvnrepository/com/vladsch/flexmark/flexmark-ext-ins/0.34.30/flexmark-ext-ins-0.34.30.jar:/Users/Ascend/.mvnrepository/com/vladsch/flexmark/flexmark-ext-xwiki-macros/0.34.30/flexmark-ext-xwiki-macros-0.34.30.jar:/Users/Ascend/.mvnrepository/com/vladsch/flexmark/flexmark-ext-superscript/0.34.30/flexmark-ext-superscript-0.34.30.jar:/Users/Ascend/.mvnrepository/com/vladsch/flexmark/flexmark-ext-tables/0.34.30/flexmark-ext-tables-0.34.30.jar:/Users/Ascend/.mvnrepository/com/vladsch/flexmark/flexmark-ext-toc/0.34.30/flexmark-ext-toc-0.34.30.jar:/Users/Ascend/.mvnrepository/com/vladsch/flexmark/flexmark-ext-typographic/0.34.30/flexmark-ext-typographic-0.34.30.jar:/Users/Ascend/.mvnrepository/com/vladsch/flexmark/flexmark-ext-wikilink/0.34.30/flexmark-ext-wikilink-0.34.30.jar:/Users/Ascend/.mvnrepository/com/vladsch/flexmark/flexmark-ext-yaml-front-matter/0.34.30/flexmark-ext-yaml-front-matter-0.34.30.jar:/Users/Ascend/.mvnrepository/com/vladsch/flexmark/flexmark-ext-youtube-embedded/0.34.30/flexmark-ext-youtube-embedded-0.34.30.jar:/Users/Ascend/.mvnrepository/com/vladsch/flexmark/flexmark-formatter/0.34.30/flexmark-formatter-0.34.30.jar:/Users/Ascend/.mvnrepository/com/vladsch/flexmark/flexmark-html-parser/0.34.30/flexmark-html-parser-0.34.30.jar:/Users/Ascend/.mvnrepository/com/vladsch/flexmark/flexmark-jira-converter/0.34.30/flexmark-jira-converter-0.34.30.jar:/Users/Ascend/.mvnrepository/com/vladsch/flexmark/flexmark-pdf-converter/0.34.30/flexmark-pdf-converter-0.34.30.jar:/Users/Ascend/.mvnrepository/com/openhtmltopdf/openhtmltopdf-core/0.0.1-RC13/openhtmltopdf-core-0.0.1-RC13.jar:/Users/Ascend/.mvnrepository/com/openhtmltopdf/openhtmltopdf-pdfbox/0.0.1-RC13/openhtmltopdf-pdfbox-0.0.1-RC13.jar:/Users/Ascend/.mvnrepository/org/apache/pdfbox/pdfbox/2.0.8/pdfbox-2.0.8.jar:/Users/Ascend/.mvnrepository/org/apache/pdfbox/fontbox/2.0.8/fontbox-2.0.8.jar:/Users/Ascend/.mvnrepository/commons-logging/commons-logging/1.2/commons-logging-1.2.jar:/Users/Ascend/.mvnrepository/org/apache/pdfbox/xmpbox/2.0.8/xmpbox-2.0.8.jar:/Users/Ascend/.mvnrepository/de/rototor/pdfbox/graphics2d/0.12/graphics2d-0.12.jar:/Users/Ascend/.mvnrepository/com/openhtmltopdf/openhtmltopdf-rtl-support/0.0.1-RC13/openhtmltopdf-rtl-support-0.0.1-RC13.jar:/Users/Ascend/.mvnrepository/com/ibm/icu/icu4j/59.1/icu4j-59.1.jar:/Users/Ascend/.mvnrepository/com/openhtmltopdf/openhtmltopdf-jsoup-dom-converter/0.0.1-RC13/openhtmltopdf-jsoup-dom-converter-0.0.1-RC13.jar:/Users/Ascend/.mvnrepository/com/vladsch/flexmark/flexmark-profile-pegdown/0.34.30/flexmark-profile-pegdown-0.34.30.jar:/Users/Ascend/.mvnrepository/com/vladsch/flexmark/flexmark-util/0.34.30/flexmark-util-0.34.30.jar:/Users/Ascend/.mvnrepository/com/vladsch/flexmark/flexmark-youtrack-converter/0.34.30/flexmark-youtrack-converter-0.34.30.jar:/Users/Ascend/.mvnrepository/es/nitaur/markdown/txtmark/0.16/txtmark-0.16.jar:/Users/Ascend/.mvnrepository/net/serenity-bdd/serenity-report-resources/3.2.3/serenity-report-resources-3.2.3.jar:/Users/Ascend/.mvnrepository/com/google/code/gson/gson/2.9.1/gson-2.9.1.jar:/Users/Ascend/.mvnrepository/com/fasterxml/jackson/core/jackson-core/2.13.5/jackson-core-2.13.5.jar:/Users/Ascend/.mvnrepository/commons-codec/commons-codec/1.15/commons-codec-1.15.jar:/Users/Ascend/.mvnrepository/commons-io/commons-io/2.11.0/commons-io-2.11.0.jar:/Users/Ascend/.mvnrepository/org/seleniumhq/selenium/selenium-java/4.1.4/selenium-java-4.1.4.jar:/Users/Ascend/.mvnrepository/org/seleniumhq/selenium/selenium-devtools-v100/4.1.4/selenium-devtools-v100-4.1.4.jar:/Users/Ascend/.mvnrepository/org/seleniumhq/selenium/selenium-devtools-v101/4.1.4/selenium-devtools-v101-4.1.4.jar:/Users/Ascend/.mvnrepository/org/seleniumhq/selenium/selenium-devtools-v85/4.1.4/selenium-devtools-v85-4.1.4.jar:/Users/Ascend/.mvnrepository/org/seleniumhq/selenium/selenium-devtools-v99/4.1.4/selenium-devtools-v99-4.1.4.jar:/Users/Ascend/.mvnrepository/org/seleniumhq/selenium/selenium-opera-driver/4.1.4/selenium-opera-driver-4.1.4.jar:/Users/Ascend/.mvnrepository/org/seleniumhq/selenium/selenium-remote-driver/4.1.4/selenium-remote-driver-4.1.4.jar:/Users/Ascend/.mvnrepository/com/beust/jcommander/1.82/jcommander-1.82.jar:/Users/Ascend/.mvnrepository/io/netty/netty-buffer/4.1.97.Final/netty-buffer-4.1.97.Final.jar:/Users/Ascend/.mvnrepository/io/netty/netty-codec-http/4.1.97.Final/netty-codec-http-4.1.97.Final.jar:/Users/Ascend/.mvnrepository/io/netty/netty-codec/4.1.97.Final/netty-codec-4.1.97.Final.jar:/Users/Ascend/.mvnrepository/io/netty/netty-handler/4.1.97.Final/netty-handler-4.1.97.Final.jar:/Users/Ascend/.mvnrepository/io/netty/netty-common/4.1.97.Final/netty-common-4.1.97.Final.jar:/Users/Ascend/.mvnrepository/io/netty/netty-transport-classes-epoll/4.1.97.Final/netty-transport-classes-epoll-4.1.97.Final.jar:/Users/Ascend/.mvnrepository/io/netty/netty-transport-classes-kqueue/4.1.97.Final/netty-transport-classes-kqueue-4.1.97.Final.jar:/Users/Ascend/.mvnrepository/io/netty/netty-transport-native-epoll/4.1.97.Final/netty-transport-native-epoll-4.1.97.Final.jar:/Users/Ascend/.mvnrepository/io/netty/netty-transport-native-kqueue/4.1.97.Final/netty-transport-native-kqueue-4.1.97.Final.jar:/Users/Ascend/.mvnrepository/io/netty/netty-transport-native-unix-common/4.1.97.Final/netty-transport-native-unix-common-4.1.97.Final.jar:/Users/Ascend/.mvnrepository/io/netty/netty-transport/4.1.97.Final/netty-transport-4.1.97.Final.jar:/Users/Ascend/.mvnrepository/io/netty/netty-resolver/4.1.97.Final/netty-resolver-4.1.97.Final.jar:/Users/Ascend/.mvnrepository/io/opentelemetry/opentelemetry-api/1.13.0/opentelemetry-api-1.13.0.jar:/Users/Ascend/.mvnrepository/io/opentelemetry/opentelemetry-context/1.13.0/opentelemetry-context-1.13.0.jar:/Users/Ascend/.mvnrepository/io/opentelemetry/opentelemetry-exporter-logging/1.13.0/opentelemetry-exporter-logging-1.13.0.jar:/Users/Ascend/.mvnrepository/io/opentelemetry/opentelemetry-sdk-metrics/1.13.0-alpha/opentelemetry-sdk-metrics-1.13.0-alpha.jar:/Users/Ascend/.mvnrepository/io/opentelemetry/opentelemetry-sdk-logs/1.13.0-alpha/opentelemetry-sdk-logs-1.13.0-alpha.jar:/Users/Ascend/.mvnrepository/io/opentelemetry/opentelemetry-sdk-common/1.13.0/opentelemetry-sdk-common-1.13.0.jar:/Users/Ascend/.mvnrepository/io/opentelemetry/opentelemetry-sdk-extension-autoconfigure-spi/1.13.0/opentelemetry-sdk-extension-autoconfigure-spi-1.13.0.jar:/Users/Ascend/.mvnrepository/io/opentelemetry/opentelemetry-sdk-extension-autoconfigure/1.13.0-alpha/opentelemetry-sdk-extension-autoconfigure-1.13.0-alpha.jar:/Users/Ascend/.mvnrepository/io/opentelemetry/opentelemetry-sdk-trace/1.13.0/opentelemetry-sdk-trace-1.13.0.jar:/Users/Ascend/.mvnrepository/io/opentelemetry/opentelemetry-sdk/1.13.0/opentelemetry-sdk-1.13.0.jar:/Users/Ascend/.mvnrepository/io/opentelemetry/opentelemetry-semconv/1.13.0-alpha/opentelemetry-semconv-1.13.0-alpha.jar:/Users/Ascend/.mvnrepository/io/ous/jtoml/2.0.0/jtoml-2.0.0.jar:/Users/Ascend/.mvnrepository/org/apache/commons/commons-exec/1.3/commons-exec-1.3.jar:/Users/Ascend/.mvnrepository/org/asynchttpclient/async-http-client/2.12.3/async-http-client-2.12.3.jar:/Users/Ascend/.mvnrepository/org/asynchttpclient/async-http-client-netty-utils/2.12.3/async-http-client-netty-utils-2.12.3.jar:/Users/Ascend/.mvnrepository/io/netty/netty-codec-socks/4.1.97.Final/netty-codec-socks-4.1.97.Final.jar:/Users/Ascend/.mvnrepository/io/netty/netty-handler-proxy/4.1.97.Final/netty-handler-proxy-4.1.97.Final.jar:/Users/Ascend/.mvnrepository/io/netty/netty-transport-native-epoll/4.1.97.Final/netty-transport-native-epoll-4.1.97.Final-linux-x86_64.jar:/Users/Ascend/.mvnrepository/io/netty/netty-transport-native-kqueue/4.1.97.Final/netty-transport-native-kqueue-4.1.97.Final-osx-x86_64.jar:/Users/Ascend/.mvnrepository/org/reactivestreams/reactive-streams/1.0.4/reactive-streams-1.0.4.jar:/Users/Ascend/.mvnrepository/com/typesafe/netty/netty-reactive-streams/2.0.4/netty-reactive-streams-2.0.4.jar:/Users/Ascend/.mvnrepository/org/seleniumhq/selenium/selenium-http/4.1.4/selenium-http-4.1.4.jar:/Users/Ascend/.mvnrepository/dev/failsafe/failsafe/3.2.3/failsafe-3.2.3.jar:/Users/Ascend/.mvnrepository/org/seleniumhq/selenium/selenium-safari-driver/4.1.4/selenium-safari-driver-4.1.4.jar:/Users/Ascend/.mvnrepository/org/seleniumhq/selenium/selenium-api/4.1.4/selenium-api-4.1.4.jar:/Users/Ascend/.mvnrepository/org/seleniumhq/selenium/selenium-support/4.1.4/selenium-support-4.1.4.jar:/Users/Ascend/.mvnrepository/com/google/auto/service/auto-service-annotations/1.0.1/auto-service-annotations-1.0.1.jar:/Users/Ascend/.mvnrepository/com/google/auto/service/auto-service/1.0.1/auto-service-1.0.1.jar:/Users/Ascend/.mvnrepository/com/google/auto/auto-common/1.2/auto-common-1.2.jar:/Users/Ascend/.mvnrepository/org/seleniumhq/selenium/selenium-json/4.1.4/selenium-json-4.1.4.jar:/Users/Ascend/.mvnrepository/org/seleniumhq/selenium/selenium-chrome-driver/4.1.4/selenium-chrome-driver-4.1.4.jar:/Users/Ascend/.mvnrepository/org/seleniumhq/selenium/selenium-chromium-driver/4.1.4/selenium-chromium-driver-4.1.4.jar:/Users/Ascend/.mvnrepository/org/seleniumhq/selenium/selenium-firefox-driver/4.1.4/selenium-firefox-driver-4.1.4.jar:/Users/Ascend/.mvnrepository/org/seleniumhq/selenium/selenium-edge-driver/4.1.4/selenium-edge-driver-4.1.4.jar:/Users/Ascend/.mvnrepository/org/seleniumhq/selenium/selenium-ie-driver/4.1.4/selenium-ie-driver-4.1.4.jar:/Users/Ascend/.mvnrepository/io/appium/java-client/8.0.0/java-client-8.0.0.jar:/Users/Ascend/.mvnrepository/commons-validator/commons-validator/1.7/commons-validator-1.7.jar:/Users/Ascend/.mvnrepository/commons-digester/commons-digester/2.1/commons-digester-2.1.jar:/Users/Ascend/.mvnrepository/net/sf/opencsv/opencsv/2.0/opencsv-2.0.jar:/Users/Ascend/.mvnrepository/commons-beanutils/commons-beanutils/1.9.4/commons-beanutils-1.9.4.jar:/Users/Ascend/.mvnrepository/commons-collections/commons-collections/3.2.2/commons-collections-3.2.2.jar:/Users/Ascend/.mvnrepository/org/fluentlenium/fluentlenium-core/0.10.2/fluentlenium-core-0.10.2.jar:/Users/Ascend/.mvnrepository/io/github/bonigarcia/webdrivermanager/5.1.0/webdrivermanager-5.1.0.jar:/Users/Ascend/.mvnrepository/com/github/docker-java/docker-java/3.2.13/docker-java-3.2.13.jar:/Users/Ascend/.mvnrepository/com/github/docker-java/docker-java-core/3.2.13/docker-java-core-3.2.13.jar:/Users/Ascend/.mvnrepository/com/github/docker-java/docker-java-api/3.2.13/docker-java-api-3.2.13.jar:/Users/Ascend/.mvnrepository/org/apache/commons/commons-compress/1.21/commons-compress-1.21.jar:/Users/Ascend/.mvnrepository/org/bouncycastle/bcpkix-jdk15on/1.64/bcpkix-jdk15on-1.64.jar:/Users/Ascend/.mvnrepository/org/bouncycastle/bcprov-jdk15on/1.64/bcprov-jdk15on-1.64.jar:/Users/Ascend/.mvnrepository/org/slf4j/jcl-over-slf4j/1.7.36/jcl-over-slf4j-1.7.36.jar:/Users/Ascend/.mvnrepository/com/github/docker-java/docker-java-transport-httpclient5/3.2.13/docker-java-transport-httpclient5-3.2.13.jar:/Users/Ascend/.mvnrepository/com/github/docker-java/docker-java-transport/3.2.13/docker-java-transport-3.2.13.jar:/Users/Ascend/.mvnrepository/org/apache/httpcomponents/client5/httpclient5/5.1.4/httpclient5-5.1.4.jar:/Users/Ascend/.mvnrepository/org/apache/httpcomponents/core5/httpcore5/5.1.5/httpcore5-5.1.5.jar:/Users/Ascend/.mvnrepository/net/java/dev/jna/jna/5.8.0/jna-5.8.0.jar:/Users/Ascend/.mvnrepository/org/brotli/dec/0.1.2/dec-0.1.2.jar:/Users/Ascend/.mvnrepository/com/jhlabs/filters/2.0.235/filters-2.0.235.jar:/Users/Ascend/.mvnrepository/com/paulhammant/ngwebdriver/1.1.6/ngwebdriver-1.1.6.jar:/Users/Ascend/.mvnrepository/joda-time/joda-time/2.8.2/joda-time-2.8.2.jar:/Users/Ascend/.mvnrepository/com/google/jimfs/jimfs/1.2/jimfs-1.2.jar:/Users/Ascend/.mvnrepository/javax/xml/bind/jaxb-api/2.3.1/jaxb-api-2.3.1.jar:/Users/Ascend/.mvnrepository/javax/activation/javax.activation-api/1.2.0/javax.activation-api-1.2.0.jar:/Users/Ascend/.mvnrepository/com/sun/xml/bind/jaxb-core/2.3.0.1/jaxb-core-2.3.0.1.jar:/Users/Ascend/.mvnrepository/com/sun/xml/bind/jaxb-impl/2.3.3/jaxb-impl-2.3.3.jar:/Users/Ascend/.mvnrepository/javax/activation/activation/1.1.1/activation-1.1.1.jar:/Users/Ascend/.mvnrepository/net/serenity-bdd/serenity-model/3.2.3/serenity-model-3.2.3.jar:/Users/Ascend/.mvnrepository/org/apache/commons/commons-text/1.9/commons-text-1.9.jar:/Users/Ascend/.mvnrepository/commons-net/commons-net/3.8.0/commons-net-3.8.0.jar:/Users/Ascend/.mvnrepository/com/google/guava/guava/31.1-jre/guava-31.1-jre.jar:/Users/Ascend/.mvnrepository/com/google/guava/failureaccess/1.0.1/failureaccess-1.0.1.jar:/Users/Ascend/.mvnrepository/com/google/guava/listenablefuture/9999.0-empty-to-avoid-conflict-with-guava/listenablefuture-9999.0-empty-to-avoid-conflict-with-guava.jar:/Users/Ascend/.mvnrepository/com/google/code/findbugs/jsr305/3.0.2/jsr305-3.0.2.jar:/Users/Ascend/.mvnrepository/org/checkerframework/checker-qual/3.12.0/checker-qual-3.12.0.jar:/Users/Ascend/.mvnrepository/com/google/errorprone/error_prone_annotations/2.11.0/error_prone_annotations-2.11.0.jar:/Users/Ascend/.mvnrepository/com/google/j2objc/j2objc-annotations/1.3/j2objc-annotations-1.3.jar:/Users/Ascend/.mvnrepository/com/google/inject/guice/5.1.0/guice-5.1.0.jar:/Users/Ascend/.mvnrepository/javax/inject/javax.inject/1/javax.inject-1.jar:/Users/Ascend/.mvnrepository/aopalliance/aopalliance/1.0/aopalliance-1.0.jar:/Users/Ascend/.mvnrepository/org/jsoup/jsoup/1.14.3/jsoup-1.14.3.jar:/Users/Ascend/.mvnrepository/com/thoughtworks/xstream/xstream/1.4.19/xstream-1.4.19.jar:/Users/Ascend/.mvnrepository/io/github/x-stream/mxparser/1.2.2/mxparser-1.2.2.jar:/Users/Ascend/.mvnrepository/xmlpull/xmlpull/1.1.3.1/xmlpull-1.1.3.1.jar:/Users/Ascend/.mvnrepository/io/cucumber/cucumber-core/7.2.3/cucumber-core-7.2.3.jar:/Users/Ascend/.mvnrepository/io/cucumber/cucumber-gherkin/7.2.3/cucumber-gherkin-7.2.3.jar:/Users/Ascend/.mvnrepository/io/cucumber/cucumber-gherkin-messages/7.2.3/cucumber-gherkin-messages-7.2.3.jar:/Users/Ascend/.mvnrepository/io/cucumber/messages/17.1.1/messages-17.1.1.jar:/Users/Ascend/.mvnrepository/io/cucumber/tag-expressions/4.1.0/tag-expressions-4.1.0.jar:/Users/Ascend/.mvnrepository/io/cucumber/cucumber-expressions/15.0.1/cucumber-expressions-15.0.1.jar:/Users/Ascend/.mvnrepository/io/cucumber/datatable/7.2.3/datatable-7.2.3.jar:/Users/Ascend/.mvnrepository/io/cucumber/cucumber-plugin/7.2.3/cucumber-plugin-7.2.3.jar:/Users/Ascend/.mvnrepository/io/cucumber/docstring/7.2.3/docstring-7.2.3.jar:/Users/Ascend/.mvnrepository/io/cucumber/html-formatter/17.0.0/html-formatter-17.0.0.jar:/Users/Ascend/.mvnrepository/io/cucumber/ci-environment/8.1.0/ci-environment-8.1.0.jar:/Users/Ascend/.mvnrepository/io/cucumber/cucumber-java/7.2.3/cucumber-java-7.2.3.jar:/Users/Ascend/.mvnrepository/com/typesafe/config/1.4.2/config-1.4.2.jar:/Users/Ascend/.mvnrepository/org/imgscalr/imgscalr-lib/4.2/imgscalr-lib-4.2.jar:/Users/Ascend/.mvnrepository/org/awaitility/awaitility/4.2.0/awaitility-4.2.0.jar:/Users/Ascend/.mvnrepository/org/freemarker/freemarker/2.3.32/freemarker-2.3.32.jar:/Users/Ascend/.mvnrepository/net/sourceforge/jexcelapi/jxl/2.6.12/jxl-2.6.12.jar:/Users/Ascend/.mvnrepository/org/junit/jupiter/junit-jupiter-api/5.8.2/junit-jupiter-api-5.8.2.jar:/Users/Ascend/.mvnrepository/org/junit/platform/junit-platform-commons/1.8.2/junit-platform-commons-1.8.2.jar:/Users/Ascend/.mvnrepository/org/apiguardian/apiguardian-api/1.1.2/apiguardian-api-1.1.2.jar:/Users/Ascend/.mvnrepository/org/junit/jupiter/junit-jupiter-engine/5.8.2/junit-jupiter-engine-5.8.2.jar:/Users/Ascend/.mvnrepository/org/junit/platform/junit-platform-engine/1.8.2/junit-platform-engine-1.8.2.jar:/Users/Ascend/.mvnrepository/org/junit/jupiter/junit-jupiter-params/5.8.2/junit-jupiter-params-5.8.2.jar:/Users/Ascend/.mvnrepository/org/junit/vintage/junit-vintage-engine/5.8.2/junit-vintage-engine-5.8.2.jar:/Users/Ascend/.mvnrepository/junit/junit/4.13.2/junit-4.13.2.jar:/Users/Ascend/.mvnrepository/org/hamcrest/hamcrest-core/2.2/hamcrest-core-2.2.jar:/Users/Ascend/.mvnrepository/org/junit/platform/junit-platform-launcher/1.8.2/junit-platform-launcher-1.8.2.jar:/Users/Ascend/.mvnrepository/net/serenity-bdd/serenity-rest-assured/3.2.3/serenity-rest-assured-3.2.3.jar:/Users/Ascend/.mvnrepository/org/apache/httpcomponents/httpclient/4.5.14/httpclient-4.5.14.jar:/Users/Ascend/.mvnrepository/org/apache/httpcomponents/httpcore/4.4.16/httpcore-4.4.16.jar:/Users/Ascend/.mvnrepository/io/rest-assured/rest-assured/4.5.1/rest-assured-4.5.1.jar:/Users/Ascend/.mvnrepository/org/apache/httpcomponents/httpmime/4.5.14/httpmime-4.5.14.jar:/Users/Ascend/.mvnrepository/org/ccil/cowan/tagsoup/tagsoup/1.2.1/tagsoup-1.2.1.jar:/Users/Ascend/.mvnrepository/io/rest-assured/json-path/4.5.1/json-path-4.5.1.jar:/Users/Ascend/.mvnrepository/io/rest-assured/rest-assured-common/4.5.1/rest-assured-common-4.5.1.jar:/Users/Ascend/.mvnrepository/io/rest-assured/xml-path/4.5.1/xml-path-4.5.1.jar:/Users/Ascend/.mvnrepository/org/codehaus/groovy/groovy-json/3.0.19/groovy-json-3.0.19.jar:/Users/Ascend/.mvnrepository/org/codehaus/groovy/groovy-xml/3.0.19/groovy-xml-3.0.19.jar:/Users/Ascend/.mvnrepository/org/codehaus/groovy/groovy/3.0.19/groovy-3.0.19.jar:/Users/Ascend/.mvnrepository/org/opentest4j/opentest4j/1.2.0/opentest4j-1.2.0.jar:/Users/Ascend/.mvnrepository/org/jeasy/easy-random-core/4.3.0/easy-random-core-4.3.0.jar:/Users/Ascend/.mvnrepository/org/objenesis/objenesis/3.1/objenesis-3.1.jar:/Users/Ascend/.mvnrepository/io/github/classgraph/classgraph/4.8.90/classgraph-4.8.90.jar:"/>
    <property name="java.vm.vendor" value="AdoptOpenJDK"/>
    <property name="sun.arch.data.model" value="64"/>
    <property name="java.vendor.url" value="https://adoptopenjdk.net/"/>
    <property name="user.timezone" value="GMT+0"/>
    <property name="java.vm.specification.version" value="1.8"/>
    <property name="os.name" value="Mac OS X"/>
    <property name="user.country" value="VN"/>
    <property name="sun.java.launcher" value="SUN_STANDARD"/>
    <property name="sun.boot.library.path" value="/Library/Java/JavaVirtualMachines/adoptopenjdk-8.jdk/Contents/Home/jre/lib"/>
    <property name="sun.java.command" value="/Users/Ascend/Desktop/Study/Serenity/SerenityDemo/target/surefire/surefirebooter3966348821378331459.jar /Users/Ascend/Desktop/Study/Serenity/SerenityDemo/target/surefire 2023-12-12T16-21-53_797-jvmRun1 surefire6950032105087598466tmp surefire_04977333171273855225tmp"/>
    <property name="http.nonProxyHosts" value="local|*.local|169.254/16|*.169.254/16"/>
    <property name="test" value="CreateCustomerIT"/>
    <property name="surefire.test.class.path" value="/Users/Ascend/Desktop/Study/Serenity/SerenityDemo/target/test-classes:/Users/Ascend/Desktop/Study/Serenity/SerenityDemo/target/classes:/Users/Ascend/.mvnrepository/org/springframework/boot/spring-boot-starter-web/2.7.16/spring-boot-starter-web-2.7.16.jar:/Users/Ascend/.mvnrepository/org/springframework/boot/spring-boot-starter/2.7.16/spring-boot-starter-2.7.16.jar:/Users/Ascend/.mvnrepository/org/springframework/boot/spring-boot/2.7.16/spring-boot-2.7.16.jar:/Users/Ascend/.mvnrepository/org/springframework/boot/spring-boot-autoconfigure/2.7.16/spring-boot-autoconfigure-2.7.16.jar:/Users/Ascend/.mvnrepository/org/springframework/boot/spring-boot-starter-logging/2.7.16/spring-boot-starter-logging-2.7.16.jar:/Users/Ascend/.mvnrepository/ch/qos/logback/logback-classic/1.2.12/logback-classic-1.2.12.jar:/Users/Ascend/.mvnrepository/ch/qos/logback/logback-core/1.2.12/logback-core-1.2.12.jar:/Users/Ascend/.mvnrepository/org/apache/logging/log4j/log4j-to-slf4j/2.17.2/log4j-to-slf4j-2.17.2.jar:/Users/Ascend/.mvnrepository/org/apache/logging/log4j/log4j-api/2.17.2/log4j-api-2.17.2.jar:/Users/Ascend/.mvnrepository/org/slf4j/jul-to-slf4j/1.7.36/jul-to-slf4j-1.7.36.jar:/Users/Ascend/.mvnrepository/jakarta/annotation/jakarta.annotation-api/1.3.5/jakarta.annotation-api-1.3.5.jar:/Users/Ascend/.mvnrepository/org/yaml/snakeyaml/1.30/snakeyaml-1.30.jar:/Users/Ascend/.mvnrepository/org/springframework/boot/spring-boot-starter-json/2.7.16/spring-boot-starter-json-2.7.16.jar:/Users/Ascend/.mvnrepository/com/fasterxml/jackson/core/jackson-databind/2.13.5/jackson-databind-2.13.5.jar:/Users/Ascend/.mvnrepository/com/fasterxml/jackson/core/jackson-annotations/2.13.5/jackson-annotations-2.13.5.jar:/Users/Ascend/.mvnrepository/com/fasterxml/jackson/datatype/jackson-datatype-jdk8/2.13.5/jackson-datatype-jdk8-2.13.5.jar:/Users/Ascend/.mvnrepository/com/fasterxml/jackson/datatype/jackson-datatype-jsr310/2.13.5/jackson-datatype-jsr310-2.13.5.jar:/Users/Ascend/.mvnrepository/com/fasterxml/jackson/module/jackson-module-parameter-names/2.13.5/jackson-module-parameter-names-2.13.5.jar:/Users/Ascend/.mvnrepository/org/springframework/boot/spring-boot-starter-tomcat/2.7.16/spring-boot-starter-tomcat-2.7.16.jar:/Users/Ascend/.mvnrepository/org/apache/tomcat/embed/tomcat-embed-core/9.0.80/tomcat-embed-core-9.0.80.jar:/Users/Ascend/.mvnrepository/org/apache/tomcat/embed/tomcat-embed-websocket/9.0.80/tomcat-embed-websocket-9.0.80.jar:/Users/Ascend/.mvnrepository/org/springframework/spring-web/5.3.30/spring-web-5.3.30.jar:/Users/Ascend/.mvnrepository/org/springframework/spring-beans/5.3.30/spring-beans-5.3.30.jar:/Users/Ascend/.mvnrepository/org/springframework/spring-webmvc/5.3.30/spring-webmvc-5.3.30.jar:/Users/Ascend/.mvnrepository/org/springframework/spring-aop/5.3.30/spring-aop-5.3.30.jar:/Users/Ascend/.mvnrepository/org/springframework/spring-context/5.3.30/spring-context-5.3.30.jar:/Users/Ascend/.mvnrepository/org/springframework/spring-expression/5.3.30/spring-expression-5.3.30.jar:/Users/Ascend/.mvnrepository/com/h2database/h2/2.1.214/h2-2.1.214.jar:/Users/Ascend/.mvnrepository/org/projectlombok/lombok/1.18.30/lombok-1.18.30.jar:/Users/Ascend/.mvnrepository/org/springframework/boot/spring-boot-starter-test/2.7.16/spring-boot-starter-test-2.7.16.jar:/Users/Ascend/.mvnrepository/org/springframework/boot/spring-boot-test/2.7.16/spring-boot-test-2.7.16.jar:/Users/Ascend/.mvnrepository/org/springframework/boot/spring-boot-test-autoconfigure/2.7.16/spring-boot-test-autoconfigure-2.7.16.jar:/Users/Ascend/.mvnrepository/com/jayway/jsonpath/json-path/2.7.0/json-path-2.7.0.jar:/Users/Ascend/.mvnrepository/net/minidev/json-smart/2.4.11/json-smart-2.4.11.jar:/Users/Ascend/.mvnrepository/net/minidev/accessors-smart/2.4.11/accessors-smart-2.4.11.jar:/Users/Ascend/.mvnrepository/org/ow2/asm/asm/9.3/asm-9.3.jar:/Users/Ascend/.mvnrepository/org/slf4j/slf4j-api/1.7.36/slf4j-api-1.7.36.jar:/Users/Ascend/.mvnrepository/jakarta/xml/bind/jakarta.xml.bind-api/2.3.3/jakarta.xml.bind-api-2.3.3.jar:/Users/Ascend/.mvnrepository/jakarta/activation/jakarta.activation-api/1.2.2/jakarta.activation-api-1.2.2.jar:/Users/Ascend/.mvnrepository/org/assertj/assertj-core/3.22.0/assertj-core-3.22.0.jar:/Users/Ascend/.mvnrepository/org/hamcrest/hamcrest/2.2/hamcrest-2.2.jar:/Users/Ascend/.mvnrepository/org/junit/jupiter/junit-jupiter/5.8.2/junit-jupiter-5.8.2.jar:/Users/Ascend/.mvnrepository/org/mockito/mockito-core/4.5.1/mockito-core-4.5.1.jar:/Users/Ascend/.mvnrepository/net/bytebuddy/byte-buddy/1.12.23/byte-buddy-1.12.23.jar:/Users/Ascend/.mvnrepository/net/bytebuddy/byte-buddy-agent/1.12.23/byte-buddy-agent-1.12.23.jar:/Users/Ascend/.mvnrepository/org/mockito/mockito-junit-jupiter/4.5.1/mockito-junit-jupiter-4.5.1.jar:/Users/Ascend/.mvnrepository/org/skyscreamer/jsonassert/1.5.1/jsonassert-1.5.1.jar:/Users/Ascend/.mvnrepository/com/vaadin/external/google/android-json/0.0.20131108.vaadin1/android-json-0.0.20131108.vaadin1.jar:/Users/Ascend/.mvnrepository/org/springframework/spring-core/5.3.30/spring-core-5.3.30.jar:/Users/Ascend/.mvnrepository/org/springframework/spring-jcl/5.3.30/spring-jcl-5.3.30.jar:/Users/Ascend/.mvnrepository/org/springframework/spring-test/5.3.30/spring-test-5.3.30.jar:/Users/Ascend/.mvnrepository/org/xmlunit/xmlunit-core/2.9.1/xmlunit-core-2.9.1.jar:/Users/Ascend/.mvnrepository/org/springframework/boot/spring-boot-starter-data-jpa/2.7.16/spring-boot-starter-data-jpa-2.7.16.jar:/Users/Ascend/.mvnrepository/org/springframework/boot/spring-boot-starter-aop/2.7.16/spring-boot-starter-aop-2.7.16.jar:/Users/Ascend/.mvnrepository/org/aspectj/aspectjweaver/1.9.7/aspectjweaver-1.9.7.jar:/Users/Ascend/.mvnrepository/org/springframework/boot/spring-boot-starter-jdbc/2.7.16/spring-boot-starter-jdbc-2.7.16.jar:/Users/Ascend/.mvnrepository/com/zaxxer/HikariCP/4.0.3/HikariCP-4.0.3.jar:/Users/Ascend/.mvnrepository/org/springframework/spring-jdbc/5.3.30/spring-jdbc-5.3.30.jar:/Users/Ascend/.mvnrepository/jakarta/transaction/jakarta.transaction-api/1.3.3/jakarta.transaction-api-1.3.3.jar:/Users/Ascend/.mvnrepository/jakarta/persistence/jakarta.persistence-api/2.2.3/jakarta.persistence-api-2.2.3.jar:/Users/Ascend/.mvnrepository/org/hibernate/hibernate-core/5.6.15.Final/hibernate-core-5.6.15.Final.jar:/Users/Ascend/.mvnrepository/org/jboss/logging/jboss-logging/3.4.3.Final/jboss-logging-3.4.3.Final.jar:/Users/Ascend/.mvnrepository/antlr/antlr/2.7.7/antlr-2.7.7.jar:/Users/Ascend/.mvnrepository/org/jboss/jandex/2.4.2.Final/jandex-2.4.2.Final.jar:/Users/Ascend/.mvnrepository/com/fasterxml/classmate/1.5.1/classmate-1.5.1.jar:/Users/Ascend/.mvnrepository/org/hibernate/common/hibernate-commons-annotations/5.1.2.Final/hibernate-commons-annotations-5.1.2.Final.jar:/Users/Ascend/.mvnrepository/org/glassfish/jaxb/jaxb-runtime/2.3.8/jaxb-runtime-2.3.8.jar:/Users/Ascend/.mvnrepository/org/glassfish/jaxb/txw2/2.3.8/txw2-2.3.8.jar:/Users/Ascend/.mvnrepository/com/sun/istack/istack-commons-runtime/3.0.12/istack-commons-runtime-3.0.12.jar:/Users/Ascend/.mvnrepository/com/sun/activation/jakarta.activation/1.2.2/jakarta.activation-1.2.2.jar:/Users/Ascend/.mvnrepository/org/springframework/data/spring-data-jpa/2.7.16/spring-data-jpa-2.7.16.jar:/Users/Ascend/.mvnrepository/org/springframework/data/spring-data-commons/2.7.16/spring-data-commons-2.7.16.jar:/Users/Ascend/.mvnrepository/org/springframework/spring-orm/5.3.30/spring-orm-5.3.30.jar:/Users/Ascend/.mvnrepository/org/springframework/spring-tx/5.3.30/spring-tx-5.3.30.jar:/Users/Ascend/.mvnrepository/org/springframework/spring-aspects/5.3.30/spring-aspects-5.3.30.jar:/Users/Ascend/.mvnrepository/org/mapstruct/mapstruct/1.5.3.Final/mapstruct-1.5.3.Final.jar:/Users/Ascend/.mvnrepository/org/springframework/boot/spring-boot-starter-validation/2.7.16/spring-boot-starter-validation-2.7.16.jar:/Users/Ascend/.mvnrepository/org/apache/tomcat/embed/tomcat-embed-el/9.0.80/tomcat-embed-el-9.0.80.jar:/Users/Ascend/.mvnrepository/org/hibernate/validator/hibernate-validator/6.2.5.Final/hibernate-validator-6.2.5.Final.jar:/Users/Ascend/.mvnrepository/jakarta/validation/jakarta.validation-api/2.0.2/jakarta.validation-api-2.0.2.jar:/Users/Ascend/.mvnrepository/org/apache/commons/commons-lang3/3.12.0/commons-lang3-3.12.0.jar:/Users/Ascend/.mvnrepository/org/apache/commons/commons-collections4/4.4/commons-collections4-4.4.jar:/Users/Ascend/.mvnrepository/net/serenity-bdd/serenity-junit5/3.2.3/serenity-junit5-3.2.3.jar:/Users/Ascend/.mvnrepository/net/serenity-bdd/serenity-core/3.2.3/serenity-core-3.2.3.jar:/Users/Ascend/.mvnrepository/net/serenity-bdd/serenity-reports/3.2.3/serenity-reports-3.2.3.jar:/Users/Ascend/.mvnrepository/net/serenity-bdd/serenity-stats/3.2.3/serenity-stats-3.2.3.jar:/Users/Ascend/.mvnrepository/org/jetbrains/kotlin/kotlin-stdlib/1.6.21/kotlin-stdlib-1.6.21.jar:/Users/Ascend/.mvnrepository/org/jetbrains/kotlin/kotlin-stdlib-common/1.6.21/kotlin-stdlib-common-1.6.21.jar:/Users/Ascend/.mvnrepository/org/jetbrains/annotations/13.0/annotations-13.0.jar:/Users/Ascend/.mvnrepository/net/serenity-bdd/serenity-reports-configuration/3.2.3/serenity-reports-configuration-3.2.3.jar:/Users/Ascend/.mvnrepository/com/vladsch/flexmark/flexmark-all/0.34.30/flexmark-all-0.34.30.jar:/Users/Ascend/.mvnrepository/com/vladsch/flexmark/flexmark/0.34.30/flexmark-0.34.30.jar:/Users/Ascend/.mvnrepository/com/vladsch/flexmark/flexmark-ext-abbreviation/0.34.30/flexmark-ext-abbreviation-0.34.30.jar:/Users/Ascend/.mvnrepository/com/vladsch/flexmark/flexmark-ext-admonition/0.34.30/flexmark-ext-admonition-0.34.30.jar:/Users/Ascend/.mvnrepository/com/vladsch/flexmark/flexmark-ext-anchorlink/0.34.30/flexmark-ext-anchorlink-0.34.30.jar:/Users/Ascend/.mvnrepository/com/vladsch/flexmark/flexmark-ext-aside/0.34.30/flexmark-ext-aside-0.34.30.jar:/Users/Ascend/.mvnrepository/com/vladsch/flexmark/flexmark-ext-attributes/0.34.30/flexmark-ext-attributes-0.34.30.jar:/Users/Ascend/.mvnrepository/com/vladsch/flexmark/flexmark-ext-autolink/0.34.30/flexmark-ext-autolink-0.34.30.jar:/Users/Ascend/.mvnrepository/org/nibor/autolink/autolink/0.6.0/autolink-0.6.0.jar:/Users/Ascend/.mvnrepository/com/vladsch/flexmark/flexmark-ext-definition/0.34.30/flexmark-ext-definition-0.34.30.jar:/Users/Ascend/.mvnrepository/com/vladsch/flexmark/flexmark-ext-emoji/0.34.30/flexmark-ext-emoji-0.34.30.jar:/Users/Ascend/.mvnrepository/com/vladsch/flexmark/flexmark-ext-enumerated-reference/0.34.30/flexmark-ext-enumerated-reference-0.34.30.jar:/Users/Ascend/.mvnrepository/com/vladsch/flexmark/flexmark-ext-escaped-character/0.34.30/flexmark-ext-escaped-character-0.34.30.jar:/Users/Ascend/.mvnrepository/com/vladsch/flexmark/flexmark-ext-footnotes/0.34.30/flexmark-ext-footnotes-0.34.30.jar:/Users/Ascend/.mvnrepository/com/vladsch/flexmark/flexmark-ext-gfm-issues/0.34.30/flexmark-ext-gfm-issues-0.34.30.jar:/Users/Ascend/.mvnrepository/com/vladsch/flexmark/flexmark-ext-gfm-strikethrough/0.34.30/flexmark-ext-gfm-strikethrough-0.34.30.jar:/Users/Ascend/.mvnrepository/com/vladsch/flexmark/flexmark-ext-gfm-tables/0.34.30/flexmark-ext-gfm-tables-0.34.30.jar:/Users/Ascend/.mvnrepository/com/vladsch/flexmark/flexmark-ext-gfm-tasklist/0.34.30/flexmark-ext-gfm-tasklist-0.34.30.jar:/Users/Ascend/.mvnrepository/com/vladsch/flexmark/flexmark-ext-gfm-users/0.34.30/flexmark-ext-gfm-users-0.34.30.jar:/Users/Ascend/.mvnrepository/com/vladsch/flexmark/flexmark-ext-gitlab/0.34.30/flexmark-ext-gitlab-0.34.30.jar:/Users/Ascend/.mvnrepository/com/vladsch/flexmark/flexmark-ext-jekyll-front-matter/0.34.30/flexmark-ext-jekyll-front-matter-0.34.30.jar:/Users/Ascend/.mvnrepository/com/vladsch/flexmark/flexmark-ext-jekyll-tag/0.34.30/flexmark-ext-jekyll-tag-0.34.30.jar:/Users/Ascend/.mvnrepository/com/vladsch/flexmark/flexmark-ext-media-tags/0.34.30/flexmark-ext-media-tags-0.34.30.jar:/Users/Ascend/.mvnrepository/com/vladsch/flexmark/flexmark-test-util/0.34.30/flexmark-test-util-0.34.30.jar:/Users/Ascend/.mvnrepository/com/vladsch/flexmark/flexmark-ext-ins/0.34.30/flexmark-ext-ins-0.34.30.jar:/Users/Ascend/.mvnrepository/com/vladsch/flexmark/flexmark-ext-xwiki-macros/0.34.30/flexmark-ext-xwiki-macros-0.34.30.jar:/Users/Ascend/.mvnrepository/com/vladsch/flexmark/flexmark-ext-superscript/0.34.30/flexmark-ext-superscript-0.34.30.jar:/Users/Ascend/.mvnrepository/com/vladsch/flexmark/flexmark-ext-tables/0.34.30/flexmark-ext-tables-0.34.30.jar:/Users/Ascend/.mvnrepository/com/vladsch/flexmark/flexmark-ext-toc/0.34.30/flexmark-ext-toc-0.34.30.jar:/Users/Ascend/.mvnrepository/com/vladsch/flexmark/flexmark-ext-typographic/0.34.30/flexmark-ext-typographic-0.34.30.jar:/Users/Ascend/.mvnrepository/com/vladsch/flexmark/flexmark-ext-wikilink/0.34.30/flexmark-ext-wikilink-0.34.30.jar:/Users/Ascend/.mvnrepository/com/vladsch/flexmark/flexmark-ext-yaml-front-matter/0.34.30/flexmark-ext-yaml-front-matter-0.34.30.jar:/Users/Ascend/.mvnrepository/com/vladsch/flexmark/flexmark-ext-youtube-embedded/0.34.30/flexmark-ext-youtube-embedded-0.34.30.jar:/Users/Ascend/.mvnrepository/com/vladsch/flexmark/flexmark-formatter/0.34.30/flexmark-formatter-0.34.30.jar:/Users/Ascend/.mvnrepository/com/vladsch/flexmark/flexmark-html-parser/0.34.30/flexmark-html-parser-0.34.30.jar:/Users/Ascend/.mvnrepository/com/vladsch/flexmark/flexmark-jira-converter/0.34.30/flexmark-jira-converter-0.34.30.jar:/Users/Ascend/.mvnrepository/com/vladsch/flexmark/flexmark-pdf-converter/0.34.30/flexmark-pdf-converter-0.34.30.jar:/Users/Ascend/.mvnrepository/com/openhtmltopdf/openhtmltopdf-core/0.0.1-RC13/openhtmltopdf-core-0.0.1-RC13.jar:/Users/Ascend/.mvnrepository/com/openhtmltopdf/openhtmltopdf-pdfbox/0.0.1-RC13/openhtmltopdf-pdfbox-0.0.1-RC13.jar:/Users/Ascend/.mvnrepository/org/apache/pdfbox/pdfbox/2.0.8/pdfbox-2.0.8.jar:/Users/Ascend/.mvnrepository/org/apache/pdfbox/fontbox/2.0.8/fontbox-2.0.8.jar:/Users/Ascend/.mvnrepository/commons-logging/commons-logging/1.2/commons-logging-1.2.jar:/Users/Ascend/.mvnrepository/org/apache/pdfbox/xmpbox/2.0.8/xmpbox-2.0.8.jar:/Users/Ascend/.mvnrepository/de/rototor/pdfbox/graphics2d/0.12/graphics2d-0.12.jar:/Users/Ascend/.mvnrepository/com/openhtmltopdf/openhtmltopdf-rtl-support/0.0.1-RC13/openhtmltopdf-rtl-support-0.0.1-RC13.jar:/Users/Ascend/.mvnrepository/com/ibm/icu/icu4j/59.1/icu4j-59.1.jar:/Users/Ascend/.mvnrepository/com/openhtmltopdf/openhtmltopdf-jsoup-dom-converter/0.0.1-RC13/openhtmltopdf-jsoup-dom-converter-0.0.1-RC13.jar:/Users/Ascend/.mvnrepository/com/vladsch/flexmark/flexmark-profile-pegdown/0.34.30/flexmark-profile-pegdown-0.34.30.jar:/Users/Ascend/.mvnrepository/com/vladsch/flexmark/flexmark-util/0.34.30/flexmark-util-0.34.30.jar:/Users/Ascend/.mvnrepository/com/vladsch/flexmark/flexmark-youtrack-converter/0.34.30/flexmark-youtrack-converter-0.34.30.jar:/Users/Ascend/.mvnrepository/es/nitaur/markdown/txtmark/0.16/txtmark-0.16.jar:/Users/Ascend/.mvnrepository/net/serenity-bdd/serenity-report-resources/3.2.3/serenity-report-resources-3.2.3.jar:/Users/Ascend/.mvnrepository/com/google/code/gson/gson/2.9.1/gson-2.9.1.jar:/Users/Ascend/.mvnrepository/com/fasterxml/jackson/core/jackson-core/2.13.5/jackson-core-2.13.5.jar:/Users/Ascend/.mvnrepository/commons-codec/commons-codec/1.15/commons-codec-1.15.jar:/Users/Ascend/.mvnrepository/commons-io/commons-io/2.11.0/commons-io-2.11.0.jar:/Users/Ascend/.mvnrepository/org/seleniumhq/selenium/selenium-java/4.1.4/selenium-java-4.1.4.jar:/Users/Ascend/.mvnrepository/org/seleniumhq/selenium/selenium-devtools-v100/4.1.4/selenium-devtools-v100-4.1.4.jar:/Users/Ascend/.mvnrepository/org/seleniumhq/selenium/selenium-devtools-v101/4.1.4/selenium-devtools-v101-4.1.4.jar:/Users/Ascend/.mvnrepository/org/seleniumhq/selenium/selenium-devtools-v85/4.1.4/selenium-devtools-v85-4.1.4.jar:/Users/Ascend/.mvnrepository/org/seleniumhq/selenium/selenium-devtools-v99/4.1.4/selenium-devtools-v99-4.1.4.jar:/Users/Ascend/.mvnrepository/org/seleniumhq/selenium/selenium-opera-driver/4.1.4/selenium-opera-driver-4.1.4.jar:/Users/Ascend/.mvnrepository/org/seleniumhq/selenium/selenium-remote-driver/4.1.4/selenium-remote-driver-4.1.4.jar:/Users/Ascend/.mvnrepository/com/beust/jcommander/1.82/jcommander-1.82.jar:/Users/Ascend/.mvnrepository/io/netty/netty-buffer/4.1.97.Final/netty-buffer-4.1.97.Final.jar:/Users/Ascend/.mvnrepository/io/netty/netty-codec-http/4.1.97.Final/netty-codec-http-4.1.97.Final.jar:/Users/Ascend/.mvnrepository/io/netty/netty-codec/4.1.97.Final/netty-codec-4.1.97.Final.jar:/Users/Ascend/.mvnrepository/io/netty/netty-handler/4.1.97.Final/netty-handler-4.1.97.Final.jar:/Users/Ascend/.mvnrepository/io/netty/netty-common/4.1.97.Final/netty-common-4.1.97.Final.jar:/Users/Ascend/.mvnrepository/io/netty/netty-transport-classes-epoll/4.1.97.Final/netty-transport-classes-epoll-4.1.97.Final.jar:/Users/Ascend/.mvnrepository/io/netty/netty-transport-classes-kqueue/4.1.97.Final/netty-transport-classes-kqueue-4.1.97.Final.jar:/Users/Ascend/.mvnrepository/io/netty/netty-transport-native-epoll/4.1.97.Final/netty-transport-native-epoll-4.1.97.Final.jar:/Users/Ascend/.mvnrepository/io/netty/netty-transport-native-kqueue/4.1.97.Final/netty-transport-native-kqueue-4.1.97.Final.jar:/Users/Ascend/.mvnrepository/io/netty/netty-transport-native-unix-common/4.1.97.Final/netty-transport-native-unix-common-4.1.97.Final.jar:/Users/Ascend/.mvnrepository/io/netty/netty-transport/4.1.97.Final/netty-transport-4.1.97.Final.jar:/Users/Ascend/.mvnrepository/io/netty/netty-resolver/4.1.97.Final/netty-resolver-4.1.97.Final.jar:/Users/Ascend/.mvnrepository/io/opentelemetry/opentelemetry-api/1.13.0/opentelemetry-api-1.13.0.jar:/Users/Ascend/.mvnrepository/io/opentelemetry/opentelemetry-context/1.13.0/opentelemetry-context-1.13.0.jar:/Users/Ascend/.mvnrepository/io/opentelemetry/opentelemetry-exporter-logging/1.13.0/opentelemetry-exporter-logging-1.13.0.jar:/Users/Ascend/.mvnrepository/io/opentelemetry/opentelemetry-sdk-metrics/1.13.0-alpha/opentelemetry-sdk-metrics-1.13.0-alpha.jar:/Users/Ascend/.mvnrepository/io/opentelemetry/opentelemetry-sdk-logs/1.13.0-alpha/opentelemetry-sdk-logs-1.13.0-alpha.jar:/Users/Ascend/.mvnrepository/io/opentelemetry/opentelemetry-sdk-common/1.13.0/opentelemetry-sdk-common-1.13.0.jar:/Users/Ascend/.mvnrepository/io/opentelemetry/opentelemetry-sdk-extension-autoconfigure-spi/1.13.0/opentelemetry-sdk-extension-autoconfigure-spi-1.13.0.jar:/Users/Ascend/.mvnrepository/io/opentelemetry/opentelemetry-sdk-extension-autoconfigure/1.13.0-alpha/opentelemetry-sdk-extension-autoconfigure-1.13.0-alpha.jar:/Users/Ascend/.mvnrepository/io/opentelemetry/opentelemetry-sdk-trace/1.13.0/opentelemetry-sdk-trace-1.13.0.jar:/Users/Ascend/.mvnrepository/io/opentelemetry/opentelemetry-sdk/1.13.0/opentelemetry-sdk-1.13.0.jar:/Users/Ascend/.mvnrepository/io/opentelemetry/opentelemetry-semconv/1.13.0-alpha/opentelemetry-semconv-1.13.0-alpha.jar:/Users/Ascend/.mvnrepository/io/ous/jtoml/2.0.0/jtoml-2.0.0.jar:/Users/Ascend/.mvnrepository/org/apache/commons/commons-exec/1.3/commons-exec-1.3.jar:/Users/Ascend/.mvnrepository/org/asynchttpclient/async-http-client/2.12.3/async-http-client-2.12.3.jar:/Users/Ascend/.mvnrepository/org/asynchttpclient/async-http-client-netty-utils/2.12.3/async-http-client-netty-utils-2.12.3.jar:/Users/Ascend/.mvnrepository/io/netty/netty-codec-socks/4.1.97.Final/netty-codec-socks-4.1.97.Final.jar:/Users/Ascend/.mvnrepository/io/netty/netty-handler-proxy/4.1.97.Final/netty-handler-proxy-4.1.97.Final.jar:/Users/Ascend/.mvnrepository/io/netty/netty-transport-native-epoll/4.1.97.Final/netty-transport-native-epoll-4.1.97.Final-linux-x86_64.jar:/Users/Ascend/.mvnrepository/io/netty/netty-transport-native-kqueue/4.1.97.Final/netty-transport-native-kqueue-4.1.97.Final-osx-x86_64.jar:/Users/Ascend/.mvnrepository/org/reactivestreams/reactive-streams/1.0.4/reactive-streams-1.0.4.jar:/Users/Ascend/.mvnrepository/com/typesafe/netty/netty-reactive-streams/2.0.4/netty-reactive-streams-2.0.4.jar:/Users/Ascend/.mvnrepository/org/seleniumhq/selenium/selenium-http/4.1.4/selenium-http-4.1.4.jar:/Users/Ascend/.mvnrepository/dev/failsafe/failsafe/3.2.3/failsafe-3.2.3.jar:/Users/Ascend/.mvnrepository/org/seleniumhq/selenium/selenium-safari-driver/4.1.4/selenium-safari-driver-4.1.4.jar:/Users/Ascend/.mvnrepository/org/seleniumhq/selenium/selenium-api/4.1.4/selenium-api-4.1.4.jar:/Users/Ascend/.mvnrepository/org/seleniumhq/selenium/selenium-support/4.1.4/selenium-support-4.1.4.jar:/Users/Ascend/.mvnrepository/com/google/auto/service/auto-service-annotations/1.0.1/auto-service-annotations-1.0.1.jar:/Users/Ascend/.mvnrepository/com/google/auto/service/auto-service/1.0.1/auto-service-1.0.1.jar:/Users/Ascend/.mvnrepository/com/google/auto/auto-common/1.2/auto-common-1.2.jar:/Users/Ascend/.mvnrepository/org/seleniumhq/selenium/selenium-json/4.1.4/selenium-json-4.1.4.jar:/Users/Ascend/.mvnrepository/org/seleniumhq/selenium/selenium-chrome-driver/4.1.4/selenium-chrome-driver-4.1.4.jar:/Users/Ascend/.mvnrepository/org/seleniumhq/selenium/selenium-chromium-driver/4.1.4/selenium-chromium-driver-4.1.4.jar:/Users/Ascend/.mvnrepository/org/seleniumhq/selenium/selenium-firefox-driver/4.1.4/selenium-firefox-driver-4.1.4.jar:/Users/Ascend/.mvnrepository/org/seleniumhq/selenium/selenium-edge-driver/4.1.4/selenium-edge-driver-4.1.4.jar:/Users/Ascend/.mvnrepository/org/seleniumhq/selenium/selenium-ie-driver/4.1.4/selenium-ie-driver-4.1.4.jar:/Users/Ascend/.mvnrepository/io/appium/java-client/8.0.0/java-client-8.0.0.jar:/Users/Ascend/.mvnrepository/commons-validator/commons-validator/1.7/commons-validator-1.7.jar:/Users/Ascend/.mvnrepository/commons-digester/commons-digester/2.1/commons-digester-2.1.jar:/Users/Ascend/.mvnrepository/net/sf/opencsv/opencsv/2.0/opencsv-2.0.jar:/Users/Ascend/.mvnrepository/commons-beanutils/commons-beanutils/1.9.4/commons-beanutils-1.9.4.jar:/Users/Ascend/.mvnrepository/commons-collections/commons-collections/3.2.2/commons-collections-3.2.2.jar:/Users/Ascend/.mvnrepository/org/fluentlenium/fluentlenium-core/0.10.2/fluentlenium-core-0.10.2.jar:/Users/Ascend/.mvnrepository/io/github/bonigarcia/webdrivermanager/5.1.0/webdrivermanager-5.1.0.jar:/Users/Ascend/.mvnrepository/com/github/docker-java/docker-java/3.2.13/docker-java-3.2.13.jar:/Users/Ascend/.mvnrepository/com/github/docker-java/docker-java-core/3.2.13/docker-java-core-3.2.13.jar:/Users/Ascend/.mvnrepository/com/github/docker-java/docker-java-api/3.2.13/docker-java-api-3.2.13.jar:/Users/Ascend/.mvnrepository/org/apache/commons/commons-compress/1.21/commons-compress-1.21.jar:/Users/Ascend/.mvnrepository/org/bouncycastle/bcpkix-jdk15on/1.64/bcpkix-jdk15on-1.64.jar:/Users/Ascend/.mvnrepository/org/bouncycastle/bcprov-jdk15on/1.64/bcprov-jdk15on-1.64.jar:/Users/Ascend/.mvnrepository/org/slf4j/jcl-over-slf4j/1.7.36/jcl-over-slf4j-1.7.36.jar:/Users/Ascend/.mvnrepository/com/github/docker-java/docker-java-transport-httpclient5/3.2.13/docker-java-transport-httpclient5-3.2.13.jar:/Users/Ascend/.mvnrepository/com/github/docker-java/docker-java-transport/3.2.13/docker-java-transport-3.2.13.jar:/Users/Ascend/.mvnrepository/org/apache/httpcomponents/client5/httpclient5/5.1.4/httpclient5-5.1.4.jar:/Users/Ascend/.mvnrepository/org/apache/httpcomponents/core5/httpcore5/5.1.5/httpcore5-5.1.5.jar:/Users/Ascend/.mvnrepository/net/java/dev/jna/jna/5.8.0/jna-5.8.0.jar:/Users/Ascend/.mvnrepository/org/brotli/dec/0.1.2/dec-0.1.2.jar:/Users/Ascend/.mvnrepository/com/jhlabs/filters/2.0.235/filters-2.0.235.jar:/Users/Ascend/.mvnrepository/com/paulhammant/ngwebdriver/1.1.6/ngwebdriver-1.1.6.jar:/Users/Ascend/.mvnrepository/joda-time/joda-time/2.8.2/joda-time-2.8.2.jar:/Users/Ascend/.mvnrepository/com/google/jimfs/jimfs/1.2/jimfs-1.2.jar:/Users/Ascend/.mvnrepository/javax/xml/bind/jaxb-api/2.3.1/jaxb-api-2.3.1.jar:/Users/Ascend/.mvnrepository/javax/activation/javax.activation-api/1.2.0/javax.activation-api-1.2.0.jar:/Users/Ascend/.mvnrepository/com/sun/xml/bind/jaxb-core/2.3.0.1/jaxb-core-2.3.0.1.jar:/Users/Ascend/.mvnrepository/com/sun/xml/bind/jaxb-impl/2.3.3/jaxb-impl-2.3.3.jar:/Users/Ascend/.mvnrepository/javax/activation/activation/1.1.1/activation-1.1.1.jar:/Users/Ascend/.mvnrepository/net/serenity-bdd/serenity-model/3.2.3/serenity-model-3.2.3.jar:/Users/Ascend/.mvnrepository/org/apache/commons/commons-text/1.9/commons-text-1.9.jar:/Users/Ascend/.mvnrepository/commons-net/commons-net/3.8.0/commons-net-3.8.0.jar:/Users/Ascend/.mvnrepository/com/google/guava/guava/31.1-jre/guava-31.1-jre.jar:/Users/Ascend/.mvnrepository/com/google/guava/failureaccess/1.0.1/failureaccess-1.0.1.jar:/Users/Ascend/.mvnrepository/com/google/guava/listenablefuture/9999.0-empty-to-avoid-conflict-with-guava/listenablefuture-9999.0-empty-to-avoid-conflict-with-guava.jar:/Users/Ascend/.mvnrepository/com/google/code/findbugs/jsr305/3.0.2/jsr305-3.0.2.jar:/Users/Ascend/.mvnrepository/org/checkerframework/checker-qual/3.12.0/checker-qual-3.12.0.jar:/Users/Ascend/.mvnrepository/com/google/errorprone/error_prone_annotations/2.11.0/error_prone_annotations-2.11.0.jar:/Users/Ascend/.mvnrepository/com/google/j2objc/j2objc-annotations/1.3/j2objc-annotations-1.3.jar:/Users/Ascend/.mvnrepository/com/google/inject/guice/5.1.0/guice-5.1.0.jar:/Users/Ascend/.mvnrepository/javax/inject/javax.inject/1/javax.inject-1.jar:/Users/Ascend/.mvnrepository/aopalliance/aopalliance/1.0/aopalliance-1.0.jar:/Users/Ascend/.mvnrepository/org/jsoup/jsoup/1.14.3/jsoup-1.14.3.jar:/Users/Ascend/.mvnrepository/com/thoughtworks/xstream/xstream/1.4.19/xstream-1.4.19.jar:/Users/Ascend/.mvnrepository/io/github/x-stream/mxparser/1.2.2/mxparser-1.2.2.jar:/Users/Ascend/.mvnrepository/xmlpull/xmlpull/1.1.3.1/xmlpull-1.1.3.1.jar:/Users/Ascend/.mvnrepository/io/cucumber/cucumber-core/7.2.3/cucumber-core-7.2.3.jar:/Users/Ascend/.mvnrepository/io/cucumber/cucumber-gherkin/7.2.3/cucumber-gherkin-7.2.3.jar:/Users/Ascend/.mvnrepository/io/cucumber/cucumber-gherkin-messages/7.2.3/cucumber-gherkin-messages-7.2.3.jar:/Users/Ascend/.mvnrepository/io/cucumber/messages/17.1.1/messages-17.1.1.jar:/Users/Ascend/.mvnrepository/io/cucumber/tag-expressions/4.1.0/tag-expressions-4.1.0.jar:/Users/Ascend/.mvnrepository/io/cucumber/cucumber-expressions/15.0.1/cucumber-expressions-15.0.1.jar:/Users/Ascend/.mvnrepository/io/cucumber/datatable/7.2.3/datatable-7.2.3.jar:/Users/Ascend/.mvnrepository/io/cucumber/cucumber-plugin/7.2.3/cucumber-plugin-7.2.3.jar:/Users/Ascend/.mvnrepository/io/cucumber/docstring/7.2.3/docstring-7.2.3.jar:/Users/Ascend/.mvnrepository/io/cucumber/html-formatter/17.0.0/html-formatter-17.0.0.jar:/Users/Ascend/.mvnrepository/io/cucumber/ci-environment/8.1.0/ci-environment-8.1.0.jar:/Users/Ascend/.mvnrepository/io/cucumber/cucumber-java/7.2.3/cucumber-java-7.2.3.jar:/Users/Ascend/.mvnrepository/com/typesafe/config/1.4.2/config-1.4.2.jar:/Users/Ascend/.mvnrepository/org/imgscalr/imgscalr-lib/4.2/imgscalr-lib-4.2.jar:/Users/Ascend/.mvnrepository/org/awaitility/awaitility/4.2.0/awaitility-4.2.0.jar:/Users/Ascend/.mvnrepository/org/freemarker/freemarker/2.3.32/freemarker-2.3.32.jar:/Users/Ascend/.mvnrepository/net/sourceforge/jexcelapi/jxl/2.6.12/jxl-2.6.12.jar:/Users/Ascend/.mvnrepository/org/junit/jupiter/junit-jupiter-api/5.8.2/junit-jupiter-api-5.8.2.jar:/Users/Ascend/.mvnrepository/org/junit/platform/junit-platform-commons/1.8.2/junit-platform-commons-1.8.2.jar:/Users/Ascend/.mvnrepository/org/apiguardian/apiguardian-api/1.1.2/apiguardian-api-1.1.2.jar:/Users/Ascend/.mvnrepository/org/junit/jupiter/junit-jupiter-engine/5.8.2/junit-jupiter-engine-5.8.2.jar:/Users/Ascend/.mvnrepository/org/junit/platform/junit-platform-engine/1.8.2/junit-platform-engine-1.8.2.jar:/Users/Ascend/.mvnrepository/org/junit/jupiter/junit-jupiter-params/5.8.2/junit-jupiter-params-5.8.2.jar:/Users/Ascend/.mvnrepository/org/junit/vintage/junit-vintage-engine/5.8.2/junit-vintage-engine-5.8.2.jar:/Users/Ascend/.mvnrepository/junit/junit/4.13.2/junit-4.13.2.jar:/Users/Ascend/.mvnrepository/org/hamcrest/hamcrest-core/2.2/hamcrest-core-2.2.jar:/Users/Ascend/.mvnrepository/org/junit/platform/junit-platform-launcher/1.8.2/junit-platform-launcher-1.8.2.jar:/Users/Ascend/.mvnrepository/net/serenity-bdd/serenity-rest-assured/3.2.3/serenity-rest-assured-3.2.3.jar:/Users/Ascend/.mvnrepository/org/apache/httpcomponents/httpclient/4.5.14/httpclient-4.5.14.jar:/Users/Ascend/.mvnrepository/org/apache/httpcomponents/httpcore/4.4.16/httpcore-4.4.16.jar:/Users/Ascend/.mvnrepository/io/rest-assured/rest-assured/4.5.1/rest-assured-4.5.1.jar:/Users/Ascend/.mvnrepository/org/apache/httpcomponents/httpmime/4.5.14/httpmime-4.5.14.jar:/Users/Ascend/.mvnrepository/org/ccil/cowan/tagsoup/tagsoup/1.2.1/tagsoup-1.2.1.jar:/Users/Ascend/.mvnrepository/io/rest-assured/json-path/4.5.1/json-path-4.5.1.jar:/Users/Ascend/.mvnrepository/io/rest-assured/rest-assured-common/4.5.1/rest-assured-common-4.5.1.jar:/Users/Ascend/.mvnrepository/io/rest-assured/xml-path/4.5.1/xml-path-4.5.1.jar:/Users/Ascend/.mvnrepository/org/codehaus/groovy/groovy-json/3.0.19/groovy-json-3.0.19.jar:/Users/Ascend/.mvnrepository/org/codehaus/groovy/groovy-xml/3.0.19/groovy-xml-3.0.19.jar:/Users/Ascend/.mvnrepository/org/codehaus/groovy/groovy/3.0.19/groovy-3.0.19.jar:/Users/Ascend/.mvnrepository/org/opentest4j/opentest4j/1.2.0/opentest4j-1.2.0.jar:/Users/Ascend/.mvnrepository/org/jeasy/easy-random-core/4.3.0/easy-random-core-4.3.0.jar:/Users/Ascend/.mvnrepository/org/objenesis/objenesis/3.1/objenesis-3.1.jar:/Users/Ascend/.mvnrepository/io/github/classgraph/classgraph/4.8.90/classgraph-4.8.90.jar:"/>
    <property name="sun.cpu.endian" value="little"/>
    <property name="user.home" value="/Users/Ascend"/>
    <property name="user.language" value="en"/>
    <property name="java.specification.vendor" value="Oracle Corporation"/>
    <property name="java.home" value="/Library/Java/JavaVirtualMachines/adoptopenjdk-8.jdk/Contents/Home/jre"/>
    <property name="basedir" value="/Users/Ascend/Desktop/Study/Serenity/SerenityDemo"/>
    <property name="file.separator" value="/"/>
    <property name="line.separator" value="&#10;"/>
    <property name="java.vm.specification.vendor" value="Oracle Corporation"/>
    <property name="java.specification.name" value="Java Platform API Specification"/>
    <property name="java.awt.graphicsenv" value="sun.awt.CGraphicsEnvironment"/>
    <property name="surefire.real.class.path" value="/Users/Ascend/Desktop/Study/Serenity/SerenityDemo/target/surefire/surefirebooter3966348821378331459.jar:/Users/Ascend/.mvnrepository/org/jacoco/org.jacoco.agent/0.8.7/org.jacoco.agent-0.8.7-runtime.jar"/>
    <property name="sun.boot.class.path" value="/Library/Java/JavaVirtualMachines/adoptopenjdk-8.jdk/Contents/Home/jre/lib/resources.jar:/Library/Java/JavaVirtualMachines/adoptopenjdk-8.jdk/Contents/Home/jre/lib/rt.jar:/Library/Java/JavaVirtualMachines/adoptopenjdk-8.jdk/Contents/Home/jre/lib/sunrsasign.jar:/Library/Java/JavaVirtualMachines/adoptopenjdk-8.jdk/Contents/Home/jre/lib/jsse.jar:/Library/Java/JavaVirtualMachines/adoptopenjdk-8.jdk/Contents/Home/jre/lib/jce.jar:/Library/Java/JavaVirtualMachines/adoptopenjdk-8.jdk/Contents/Home/jre/lib/charsets.jar:/Library/Java/JavaVirtualMachines/adoptopenjdk-8.jdk/Contents/Home/jre/lib/jfr.jar:/Library/Java/JavaVirtualMachines/adoptopenjdk-8.jdk/Contents/Home/jre/classes"/>
    <property name="sun.management.compiler" value="HotSpot 64-Bit Tiered Compilers"/>
    <property name="ftp.nonProxyHosts" value="local|*.local|169.254/16|*.169.254/16"/>
    <property name="java.runtime.version" value="1.8.0_292-b10"/>
    <property name="user.name" value="haley"/>
    <property name="path.separator" value=":"/>
    <property name="os.version" value="10.16"/>
    <property name="java.endorsed.dirs" value="/Library/Java/JavaVirtualMachines/adoptopenjdk-8.jdk/Contents/Home/jre/lib/endorsed"/>
    <property name="java.runtime.name" value="OpenJDK Runtime Environment"/>
    <property name="file.encoding" value="UTF-8"/>
    <property name="java.vm.name" value="OpenJDK 64-Bit Server VM"/>
    <property name="localRepository" value="/Users/Ascend/.mvnrepository"/>
    <property name="java.vendor.url.bug" value="https://github.com/AdoptOpenJDK/openjdk-support/issues"/>
    <property name="java.io.tmpdir" value="/var/folders/tz/g7thcb413rv1xdy62kr_vyqw0000gn/T/"/>
    <property name="java.version" value="1.8.0_292"/>
    <property name="user.dir" value="/Users/Ascend/Desktop/Study/Serenity/SerenityDemo"/>
    <property name="os.arch" value="x86_64"/>
    <property name="java.vm.specification.name" value="Java Virtual Machine Specification"/>
    <property name="java.awt.printerjob" value="sun.lwawt.macosx.CPrinterJob"/>
    <property name="sun.os.patch.level" value="unknown"/>
    <property name="java.library.path" value="/Users/Ascend/Library/Java/Extensions:/Library/Java/Extensions:/Network/Library/Java/Extensions:/System/Library/Java/Extensions:/usr/lib/java:."/>
    <property name="java.vm.info" value="mixed mode"/>
    <property name="java.vendor" value="AdoptOpenJDK"/>
    <property name="java.vm.version" value="25.292-b10"/>
    <property name="java.ext.dirs" value="/Users/Ascend/Library/Java/Extensions:/Library/Java/JavaVirtualMachines/adoptopenjdk-8.jdk/Contents/Home/jre/lib/ext:/Library/Java/Extensions:/Network/Library/Java/Extensions:/System/Library/Java/Extensions:/usr/lib/java"/>
    <property name="sun.io.unicode.encoding" value="UnicodeBig"/>
    <property name="java.class.version" value="52.0"/>
    <property name="maven.test.failure.ignore" value="true"/>
    <property name="socksNonProxyHosts" value="local|*.local|169.254/16|*.169.254/16"/>
  </properties>
  <testcase name="test__sample__deltaBiasPercentIsMissing__fail" classname="integration.features.customer.CreateCustomerIT" time="7.004"/>
</testsuite>